<?xml version="1.0" encoding="utf-8"?>
<shfbBuild product="Sandcastle Help File Builder" version="2015.1.12.0" projectFile="C:\Users\Adrian Gandon\Source\Workspaces\suiviA\suiviA\Doc_SuiviA\Doc_SuiviA.shfbproj" started="27/04/2017 16:01:57">
<buildStep step="Initializing">
Finding tools...
The Sandcastle tools are located in &#39;E:\ProgrammesFiles2\SHBF\&#39;
Searching for HTML Help 1 compiler...
Found HTML Help 1 compiler in &#39;C:\Program Files (x86)\HTML Help Workshop\&#39;
Locating components in the following folder(s):
   C:\Users\Adrian Gandon\Source\Workspaces\suiviA\suiviA\Doc_SuiviA
Using presentation style &#39;VS2013&#39; located in &#39;E:\ProgrammesFiles2\SHBF\PresentationStyles\VS2013&#39;
Loading and initializing plug-ins...
Lightweight Website Style Version 2015.1.12.0
Copyright &#169; 2006-2015, Eric Woodruff, All Rights Reserved
Portions Copyright &#169; 2014, Sam Harwell, All Rights Reserved
</buildStep>
<buildStep step="ValidatingDocumentationSources">
Validating and copying documentation source information
Source: C:\Users\Adrian Gandon\Source\Workspaces\suiviA\suiviA\Classes Metiers\Classes Metiers.csproj
    Found project &#39;C:\Users\Adrian Gandon\Source\Workspaces\suiviA\suiviA\Classes Metiers\Classes Metiers.csproj&#39;
Source: C:\Users\Adrian Gandon\Source\Workspaces\suiviA\suiviA\Classe Passerelle\Classe Passerelle.csproj
    Found project &#39;C:\Users\Adrian Gandon\Source\Workspaces\suiviA\suiviA\Classe Passerelle\Classe Passerelle.csproj&#39;
Source: C:\Users\Adrian Gandon\Source\Workspaces\suiviA\suiviA\ActiveDirectory\ActiveDirectory.csproj
    Found project &#39;C:\Users\Adrian Gandon\Source\Workspaces\suiviA\suiviA\ActiveDirectory\ActiveDirectory.csproj&#39;

Parsing project files
    Found assembly &#39;C:\Users\Adrian Gandon\Source\Workspaces\suiviA\suiviA\Classes Metiers\bin\Debug\Classes Metiers.dll&#39;
    Found assembly &#39;C:\Users\Adrian Gandon\Source\Workspaces\suiviA\suiviA\Classe Passerelle\bin\Debug\Classe Passerelle.dll&#39;
    Found assembly &#39;C:\Users\Adrian Gandon\Source\Workspaces\suiviA\suiviA\ActiveDirectory\bin\Debug\ActiveDirectory.dll&#39;

References to include (excluding framework assemblies):
    GoogleMaps.LocationServices, Version=0.1.5926.26040, Culture=neutral, processorArchitecture=MSIL
    MySql.Data

Copying XML comments files
    C:\Users\Adrian Gandon\Source\Workspaces\suiviA\suiviA\Classes Metiers\bin\Debug\Classes Metiers.XML -&gt; C:\Users\Adrian Gandon\Source\Workspaces\suiviA\suiviA\Doc_SuiviA\Help\Working\Classes Metiers.XML
    C:\Users\Adrian Gandon\Source\Workspaces\suiviA\suiviA\Classe Passerelle\bin\Debug\Classe Passerelle.XML -&gt; C:\Users\Adrian Gandon\Source\Workspaces\suiviA\suiviA\Doc_SuiviA\Help\Working\Classe Passerelle.XML
    C:\Users\Adrian Gandon\Source\Workspaces\suiviA\suiviA\ActiveDirectory\bin\Debug\ActiveDirectory.XML -&gt; C:\Users\Adrian Gandon\Source\Workspaces\suiviA\suiviA\Doc_SuiviA\Help\Working\ActiveDirectory.XML
</buildStep>
<buildStep step="GenerateSharedContent">
Generating shared content files (en-US, Anglais (&#201;tats-Unis))...
<plugIn name="Lightweight Website Style" behavior="After" priority="1000">
</plugIn>    Last step completed in 00:00:00,0040
</buildStep>
<buildStep step="GenerateApiFilter">
Generating API filter for MRefBuilder...
    Last step completed in 00:00:00,0010
</buildStep>
<buildStep step="GenerateReflectionInfo">
Generating reflection information...
[C:\Program Files (x86)\MSBuild\14.0\bin\MSBuild.exe]
La g‚n‚ration a d‚marr‚ 27/04/2017 16:01:58.
La cible &quot;_ConvertPdbFiles&quot; r‚pertori‚e dans un attribut BeforeTargets … &quot;C:\Program Files (x86)\MSBuild\14.0\Microsoft.Common.targets\ImportAfter\Xamarin.Common.targets (34,37)&quot; n&#39;existe pas dans le projet et sera ignor‚e.
La cible &quot;_CollectPdbFiles&quot; r‚pertori‚e dans un attribut AfterTargets … &quot;C:\Program Files (x86)\MSBuild\14.0\Microsoft.Common.targets\ImportAfter\Xamarin.Common.targets (34,70)&quot; n&#39;existe pas dans le projet et sera ignor‚e.
La cible &quot;_CollectMdbFiles&quot; r‚pertori‚e dans un attribut BeforeTargets … &quot;C:\Program Files (x86)\MSBuild\14.0\Microsoft.Common.targets\ImportAfter\Xamarin.Common.targets (41,38)&quot; n&#39;existe pas dans le projet et sera ignor‚e.
La cible &quot;_CopyMdbFiles&quot; r‚pertori‚e dans un attribut AfterTargets … &quot;C:\Program Files (x86)\MSBuild\14.0\Microsoft.Common.targets\ImportAfter\Xamarin.Common.targets (41,71)&quot; n&#39;existe pas dans le projet et sera ignor‚e.
Projet &quot;C:\Users\Adrian Gandon\Source\Workspaces\suiviA\suiviA\Doc_SuiviA\Help\Working\GenerateRefInfo.proj&quot; sur le noud 1 (cibles par d‚faut).
PrepareForBuild:
  Cr‚ation du r‚pertoire &quot;obj\Debug\&quot;.
GenerateRefInfo:
  MRefBuilder (v2015.1.12.0)
  Copyright &#184; 2006-2015, Microsoft Corporation, All Rights Reserved.
  Portions Copyright &#184; 2006-2014, Eric Woodruff, All Rights Reserved.
  Loaded 3 assemblies for reflection and 3 dependency assemblies.
  Wrote information on 3 namespaces, 6 types, and 93 members
  Copie du fichier de &quot;reflection.org&quot; vers &quot;reflection.all&quot;.
  XslTransform (v2015.1.12.0)
  Copyright &#184; 2006-2015, Microsoft Corporation, All Rights Reserved.
  Portions Copyright &#184; 2006-2014, Eric Woodruff, All Rights Reserved.
  Applying XSL transformation &#39;E:\ProgrammesFiles2\SHBF\ProductionTransforms\MergeDuplicates.xsl&#39;.
G‚n‚ration du projet &quot;C:\Users\Adrian Gandon\Source\Workspaces\suiviA\suiviA\Doc_SuiviA\Help\Working\GenerateRefInfo.proj&quot; termin‚e (cibles par d‚faut).

La g‚n‚ration a r‚ussi.

Temps ‚coul‚ 00:00:00.38
    Last step completed in 00:00:00,5594
</buildStep>
<buildStep step="TransformReflectionInfo">
Transforming reflection output...
[C:\Program Files (x86)\MSBuild\14.0\bin\MSBuild.exe]
La g‚n‚ration a d‚marr‚ 27/04/2017 16:01:59.
Projet &quot;C:\Users\Adrian Gandon\Source\Workspaces\suiviA\suiviA\Doc_SuiviA\Help\Working\TransformManifest.proj&quot; sur le noud 1 (cibles par d‚faut).
TransformManifest:
  XslTransform (v2015.1.12.0)
  Copyright &#184; 2006-2015, Microsoft Corporation, All Rights Reserved.
  Portions Copyright &#184; 2006-2014, Eric Woodruff, All Rights Reserved.
  Applying XSL transformation &#39;E:\ProgrammesFiles2\SHBF\\ProductionTransforms\ApplyVSDocModel.xsl&#39;.
  Copie du fichier de &quot;reflection.xml&quot; vers &quot;reflection.nofilenames&quot;.
  XslTransform (v2015.1.12.0)
  Copyright &#184; 2006-2015, Microsoft Corporation, All Rights Reserved.
  Portions Copyright &#184; 2006-2014, Eric Woodruff, All Rights Reserved.
  Applying XSL transformation &#39;E:\ProgrammesFiles2\SHBF\ProductionTransforms\AddFilenames.xsl&#39;.
  XslTransform (v2015.1.12.0)
  Copyright &#184; 2006-2015, Microsoft Corporation, All Rights Reserved.
  Portions Copyright &#184; 2006-2014, Eric Woodruff, All Rights Reserved.
  Applying XSL transformation &#39;E:\ProgrammesFiles2\SHBF\ProductionTransforms\ReflectionToManifest.xsl&#39;.
G‚n‚ration du projet &quot;C:\Users\Adrian Gandon\Source\Workspaces\suiviA\suiviA\Doc_SuiviA\Help\Working\TransformManifest.proj&quot; termin‚e (cibles par d‚faut).

La g‚n‚ration a r‚ussi.

Temps ‚coul‚ 00:00:00.30
    Last step completed in 00:00:00,4814
</buildStep>
<buildStep step="GenerateNamespaceSummaries">
Generating namespace summary information...
    Last step completed in 00:00:00,1961
</buildStep>
<buildStep step="CopyConceptualContent">
Copying conceptual content...
Copying standard token shared content file...
Checking for other token files...
Checking for code snippets files...
Copying images and creating the media map file...
Generating conceptual topic files
    Parsing topic file &#39;C:\Users\Adrian Gandon\Source\Workspaces\suiviA\suiviA\Doc_SuiviA\Content\Welcome.aml&#39;
    C:\Users\Adrian Gandon\Source\Workspaces\suiviA\suiviA\Doc_SuiviA\Content\Welcome.aml -&gt; C:\Users\Adrian Gandon\Source\Workspaces\suiviA\suiviA\Doc_SuiviA\Help\Working\ddueXml\c342ddd2-932a-4507-91d4-6e10cf9bbb2d.xml
    Parsing topic file &#39;C:\Users\Adrian Gandon\Source\Workspaces\suiviA\suiviA\Doc_SuiviA\Content\VersionHistory\VersionHistory.aml&#39;
    C:\Users\Adrian Gandon\Source\Workspaces\suiviA\suiviA\Doc_SuiviA\Content\VersionHistory\VersionHistory.aml -&gt; C:\Users\Adrian Gandon\Source\Workspaces\suiviA\suiviA\Doc_SuiviA\Help\Working\ddueXml\bf21ed30-fbba-4697-bba2-fc4be7e07343.xml
    Parsing topic file &#39;C:\Users\Adrian Gandon\Source\Workspaces\suiviA\suiviA\Doc_SuiviA\Content\VersionHistory\v1.0.0.0.aml&#39;
    C:\Users\Adrian Gandon\Source\Workspaces\suiviA\suiviA\Doc_SuiviA\Content\VersionHistory\v1.0.0.0.aml -&gt; C:\Users\Adrian Gandon\Source\Workspaces\suiviA\suiviA\Doc_SuiviA\Help\Working\ddueXml\8424151a-cfc1-47c4-8ee1-f8d640f2ed86.xml
    Last step completed in 00:00:00,0300
</buildStep>
<buildStep step="CreateConceptualTopicConfigs">
Creating conceptual topic configuration files...
    Companion files
    _ContentMetadata_.xml
    ConceptualManifest.xml
    Last step completed in 00:00:00,0040
</buildStep>
<buildStep step="CopyAdditionalContent">
Copying additional content files...
C:\Users\Adrian Gandon\Source\Workspaces\suiviA\suiviA\Doc_SuiviA\icons\Help.png -&gt; C:\Users\Adrian Gandon\Source\Workspaces\suiviA\suiviA\Doc_SuiviA\Help\Working\Output\HtmlHelp1\icons\Help.png
    Last step completed in 00:00:00,0040
</buildStep>
<buildStep step="MergeTablesOfContents">
Merging conceptual and additional tables of contents...
    Last step completed in 00:00:00,0000
</buildStep>
<buildStep step="GenerateIntermediateTableOfContents">
Generating intermediate table of contents file...
[C:\Program Files (x86)\MSBuild\14.0\bin\MSBuild.exe]
La g‚n‚ration a d‚marr‚ 27/04/2017 16:02:00.
Projet &quot;C:\Users\Adrian Gandon\Source\Workspaces\suiviA\suiviA\Doc_SuiviA\Help\Working\GenerateIntermediateTOC.proj&quot; sur le noud 1 (cibles par d‚faut).
GenerateIntermediateTOC:
  XslTransform (v2015.1.12.0)
  Copyright &#184; 2006-2015, Microsoft Corporation, All Rights Reserved.
  Portions Copyright &#184; 2006-2014, Eric Woodruff, All Rights Reserved.
  Applying XSL transformation &#39;E:\ProgrammesFiles2\SHBF\\ProductionTransforms\CreateVSToc.xsl&#39;.
G‚n‚ration du projet &quot;C:\Users\Adrian Gandon\Source\Workspaces\suiviA\suiviA\Doc_SuiviA\Help\Working\GenerateIntermediateTOC.proj&quot; termin‚e (cibles par d‚faut).

La g‚n‚ration a r‚ussi.

Temps ‚coul‚ 00:00:00.07
Generating conceptual content intermediate TOC file...
    Last step completed in 00:00:00,2502
</buildStep>
<buildStep step="CreateBuildAssemblerConfigs">
Creating Sandcastle configuration files...
    sandcastle.config
    conceptual.config
    Last step completed in 00:00:00,0811
</buildStep>
<buildStep step="MergeCustomConfigs">
Merging custom build component configurations
C:\Users\Adrian Gandon\Source\Workspaces\suiviA\suiviA\Doc_SuiviA\Help\Working\sandcastle.config
C:\Users\Adrian Gandon\Source\Workspaces\suiviA\suiviA\Doc_SuiviA\Help\Working\conceptual.config
    Removing unused ExampleComponent.
    Last step completed in 00:00:00,3232
</buildStep>
<buildStep step="BuildConceptualTopics">
Building conceptual help topics...
[C:\Program Files (x86)\MSBuild\14.0\bin\MSBuild.exe]
La g‚n‚ration a d‚marr‚ 27/04/2017 16:02:00.
Projet &quot;C:\Users\Adrian Gandon\Source\Workspaces\suiviA\suiviA\Doc_SuiviA\Help\Working\BuildConceptualTopics.proj&quot; sur le noud 1 (cibles par d‚faut).
BuildConceptualTopics:
  BuildAssembler (v2015.1.12.0)
  Copyright &#184; 2006-2015, Microsoft Corporation, All Rights Reserved.
  Portions Copyright &#184; 2006-2014, Eric Woodruff, All Rights Reserved.
  Loading configuration...
  Processing topics...
  Processed 3 topic(s)
  CopyFromIndexComponent: &quot;metadata&quot; in-memory cache entries used: 1 of 15.
G‚n‚ration du projet &quot;C:\Users\Adrian Gandon\Source\Workspaces\suiviA\suiviA\Doc_SuiviA\Help\Working\BuildConceptualTopics.proj&quot; termin‚e (cibles par d‚faut).

La g‚n‚ration a r‚ussi.

Temps ‚coul‚ 00:00:01.18
    Last step completed in 00:00:01,5671
</buildStep>
<buildStep step="BuildReferenceTopics">
Building reference help topics...
[C:\Program Files (x86)\MSBuild\14.0\bin\MSBuild.exe]
La g‚n‚ration a d‚marr‚ 27/04/2017 16:02:02.
Projet &quot;C:\Users\Adrian Gandon\Source\Workspaces\suiviA\suiviA\Doc_SuiviA\Help\Working\BuildReferenceTopics.proj&quot; sur le noud 1 (cibles par d‚faut).
BuildReferenceTopics:
  BuildAssembler (v2015.1.12.0)
  Copyright &#184; 2006-2015, Microsoft Corporation, All Rights Reserved.
  Portions Copyright &#184; 2006-2014, Eric Woodruff, All Rights Reserved.
  Loading configuration...
  Processing topics...
  Processed 111 topic(s)
  CopyFromIndexComponent: &quot;reflection&quot; in-memory cache entries used: 3 of 15.
  CopyFromIndexComponent: &quot;comments&quot; in-memory cache entries used: 4 of 30.
G‚n‚ration du projet &quot;C:\Users\Adrian Gandon\Source\Workspaces\suiviA\suiviA\Doc_SuiviA\Help\Working\BuildReferenceTopics.proj&quot; termin‚e (cibles par d‚faut).

La g‚n‚ration a r‚ussi.

Temps ‚coul‚ 00:00:02.54
    Last step completed in 00:00:02,7270
</buildStep>
<buildStep step="CombiningIntermediateTocFiles">
Combining conceptual and API intermediate TOC files...
    Last step completed in 00:00:00,0020
</buildStep>
<buildStep step="ExtractingHtmlInfo">
Extracting HTML info for HTML Help 1 and/or website...
[C:\Program Files (x86)\MSBuild\14.0\bin\MSBuild.exe]
Sandcastle Help File Builder, version 2015.1.12.0
Copyright &#184; 2006-2015, Eric Woodruff, All Rights Reserved
E-Mail: Eric@EWoodruff.us

Using LCID &#39;1033&#39;, code page &#39;65001&#39;, encoding charset &#39;UTF-8&#39;.

Processing Help 1 files in C:\Users\Adrian Gandon\Source\Workspaces\suiviA\suiviA\Doc_SuiviA\Help\Working\Output\HtmlHelp1
Processed 114 HTML files
Sorting keywords and generating See Also indices
Saving HTML Help 1 keyword index to C:\Users\Adrian Gandon\Source\Workspaces\suiviA\suiviA\Doc_SuiviA\Help\Working\Doc_SuiviA.hhk
Saving HTML Help 1 table of contents to C:\Users\Adrian Gandon\Source\Workspaces\suiviA\suiviA\Doc_SuiviA\Help\Working\Doc_SuiviA.hhc
    Last step completed in 00:00:00,2692
</buildStep>
<buildStep step="CopyStandardHelpContent">
Copying standard help content...
E:\ProgrammesFiles2\SHBF\PresentationStyles\VS2013\icons\AlertCaution.png -&gt; C:\Users\Adrian Gandon\Source\Workspaces\suiviA\suiviA\Doc_SuiviA\Help\Working\Output\HtmlHelp1\icons\AlertCaution.png
E:\ProgrammesFiles2\SHBF\PresentationStyles\VS2013\icons\AlertNote.png -&gt; C:\Users\Adrian Gandon\Source\Workspaces\suiviA\suiviA\Doc_SuiviA\Help\Working\Output\HtmlHelp1\icons\AlertNote.png
E:\ProgrammesFiles2\SHBF\PresentationStyles\VS2013\icons\AlertSecurity.png -&gt; C:\Users\Adrian Gandon\Source\Workspaces\suiviA\suiviA\Doc_SuiviA\Help\Working\Output\HtmlHelp1\icons\AlertSecurity.png
E:\ProgrammesFiles2\SHBF\PresentationStyles\VS2013\icons\CFW.gif -&gt; C:\Users\Adrian Gandon\Source\Workspaces\suiviA\suiviA\Doc_SuiviA\Help\Working\Output\HtmlHelp1\icons\CFW.gif
E:\ProgrammesFiles2\SHBF\PresentationStyles\VS2013\icons\CodeExample.png -&gt; C:\Users\Adrian Gandon\Source\Workspaces\suiviA\suiviA\Doc_SuiviA\Help\Working\Output\HtmlHelp1\icons\CodeExample.png
E:\ProgrammesFiles2\SHBF\PresentationStyles\VS2013\icons\favicon.ico -&gt; C:\Users\Adrian Gandon\Source\Workspaces\suiviA\suiviA\Doc_SuiviA\Help\Working\Output\HtmlHelp1\icons\favicon.ico
E:\ProgrammesFiles2\SHBF\PresentationStyles\VS2013\icons\privclass.gif -&gt; C:\Users\Adrian Gandon\Source\Workspaces\suiviA\suiviA\Doc_SuiviA\Help\Working\Output\HtmlHelp1\icons\privclass.gif
E:\ProgrammesFiles2\SHBF\PresentationStyles\VS2013\icons\privdelegate.gif -&gt; C:\Users\Adrian Gandon\Source\Workspaces\suiviA\suiviA\Doc_SuiviA\Help\Working\Output\HtmlHelp1\icons\privdelegate.gif
E:\ProgrammesFiles2\SHBF\PresentationStyles\VS2013\icons\privenumeration.gif -&gt; C:\Users\Adrian Gandon\Source\Workspaces\suiviA\suiviA\Doc_SuiviA\Help\Working\Output\HtmlHelp1\icons\privenumeration.gif
E:\ProgrammesFiles2\SHBF\PresentationStyles\VS2013\icons\privevent.gif -&gt; C:\Users\Adrian Gandon\Source\Workspaces\suiviA\suiviA\Doc_SuiviA\Help\Working\Output\HtmlHelp1\icons\privevent.gif
E:\ProgrammesFiles2\SHBF\PresentationStyles\VS2013\icons\privextension.gif -&gt; C:\Users\Adrian Gandon\Source\Workspaces\suiviA\suiviA\Doc_SuiviA\Help\Working\Output\HtmlHelp1\icons\privextension.gif
E:\ProgrammesFiles2\SHBF\PresentationStyles\VS2013\icons\privfield.gif -&gt; C:\Users\Adrian Gandon\Source\Workspaces\suiviA\suiviA\Doc_SuiviA\Help\Working\Output\HtmlHelp1\icons\privfield.gif
E:\ProgrammesFiles2\SHBF\PresentationStyles\VS2013\icons\privinterface.gif -&gt; C:\Users\Adrian Gandon\Source\Workspaces\suiviA\suiviA\Doc_SuiviA\Help\Working\Output\HtmlHelp1\icons\privinterface.gif
E:\ProgrammesFiles2\SHBF\PresentationStyles\VS2013\icons\privmethod.gif -&gt; C:\Users\Adrian Gandon\Source\Workspaces\suiviA\suiviA\Doc_SuiviA\Help\Working\Output\HtmlHelp1\icons\privmethod.gif
E:\ProgrammesFiles2\SHBF\PresentationStyles\VS2013\icons\privproperty.gif -&gt; C:\Users\Adrian Gandon\Source\Workspaces\suiviA\suiviA\Doc_SuiviA\Help\Working\Output\HtmlHelp1\icons\privproperty.gif
E:\ProgrammesFiles2\SHBF\PresentationStyles\VS2013\icons\privstructure.gif -&gt; C:\Users\Adrian Gandon\Source\Workspaces\suiviA\suiviA\Doc_SuiviA\Help\Working\Output\HtmlHelp1\icons\privstructure.gif
E:\ProgrammesFiles2\SHBF\PresentationStyles\VS2013\icons\protclass.gif -&gt; C:\Users\Adrian Gandon\Source\Workspaces\suiviA\suiviA\Doc_SuiviA\Help\Working\Output\HtmlHelp1\icons\protclass.gif
E:\ProgrammesFiles2\SHBF\PresentationStyles\VS2013\icons\protdelegate.gif -&gt; C:\Users\Adrian Gandon\Source\Workspaces\suiviA\suiviA\Doc_SuiviA\Help\Working\Output\HtmlHelp1\icons\protdelegate.gif
E:\ProgrammesFiles2\SHBF\PresentationStyles\VS2013\icons\protenumeration.gif -&gt; C:\Users\Adrian Gandon\Source\Workspaces\suiviA\suiviA\Doc_SuiviA\Help\Working\Output\HtmlHelp1\icons\protenumeration.gif
E:\ProgrammesFiles2\SHBF\PresentationStyles\VS2013\icons\protevent.gif -&gt; C:\Users\Adrian Gandon\Source\Workspaces\suiviA\suiviA\Doc_SuiviA\Help\Working\Output\HtmlHelp1\icons\protevent.gif
E:\ProgrammesFiles2\SHBF\PresentationStyles\VS2013\icons\protextension.gif -&gt; C:\Users\Adrian Gandon\Source\Workspaces\suiviA\suiviA\Doc_SuiviA\Help\Working\Output\HtmlHelp1\icons\protextension.gif
E:\ProgrammesFiles2\SHBF\PresentationStyles\VS2013\icons\protfield.gif -&gt; C:\Users\Adrian Gandon\Source\Workspaces\suiviA\suiviA\Doc_SuiviA\Help\Working\Output\HtmlHelp1\icons\protfield.gif
E:\ProgrammesFiles2\SHBF\PresentationStyles\VS2013\icons\protinterface.gif -&gt; C:\Users\Adrian Gandon\Source\Workspaces\suiviA\suiviA\Doc_SuiviA\Help\Working\Output\HtmlHelp1\icons\protinterface.gif
E:\ProgrammesFiles2\SHBF\PresentationStyles\VS2013\icons\protmethod.gif -&gt; C:\Users\Adrian Gandon\Source\Workspaces\suiviA\suiviA\Doc_SuiviA\Help\Working\Output\HtmlHelp1\icons\protmethod.gif
E:\ProgrammesFiles2\SHBF\PresentationStyles\VS2013\icons\protoperator.gif -&gt; C:\Users\Adrian Gandon\Source\Workspaces\suiviA\suiviA\Doc_SuiviA\Help\Working\Output\HtmlHelp1\icons\protoperator.gif
E:\ProgrammesFiles2\SHBF\PresentationStyles\VS2013\icons\protproperty.gif -&gt; C:\Users\Adrian Gandon\Source\Workspaces\suiviA\suiviA\Doc_SuiviA\Help\Working\Output\HtmlHelp1\icons\protproperty.gif
E:\ProgrammesFiles2\SHBF\PresentationStyles\VS2013\icons\protstructure.gif -&gt; C:\Users\Adrian Gandon\Source\Workspaces\suiviA\suiviA\Doc_SuiviA\Help\Working\Output\HtmlHelp1\icons\protstructure.gif
E:\ProgrammesFiles2\SHBF\PresentationStyles\VS2013\icons\pubclass.gif -&gt; C:\Users\Adrian Gandon\Source\Workspaces\suiviA\suiviA\Doc_SuiviA\Help\Working\Output\HtmlHelp1\icons\pubclass.gif
E:\ProgrammesFiles2\SHBF\PresentationStyles\VS2013\icons\pubdelegate.gif -&gt; C:\Users\Adrian Gandon\Source\Workspaces\suiviA\suiviA\Doc_SuiviA\Help\Working\Output\HtmlHelp1\icons\pubdelegate.gif
E:\ProgrammesFiles2\SHBF\PresentationStyles\VS2013\icons\pubenumeration.gif -&gt; C:\Users\Adrian Gandon\Source\Workspaces\suiviA\suiviA\Doc_SuiviA\Help\Working\Output\HtmlHelp1\icons\pubenumeration.gif
E:\ProgrammesFiles2\SHBF\PresentationStyles\VS2013\icons\pubevent.gif -&gt; C:\Users\Adrian Gandon\Source\Workspaces\suiviA\suiviA\Doc_SuiviA\Help\Working\Output\HtmlHelp1\icons\pubevent.gif
E:\ProgrammesFiles2\SHBF\PresentationStyles\VS2013\icons\pubextension.gif -&gt; C:\Users\Adrian Gandon\Source\Workspaces\suiviA\suiviA\Doc_SuiviA\Help\Working\Output\HtmlHelp1\icons\pubextension.gif
E:\ProgrammesFiles2\SHBF\PresentationStyles\VS2013\icons\pubfield.gif -&gt; C:\Users\Adrian Gandon\Source\Workspaces\suiviA\suiviA\Doc_SuiviA\Help\Working\Output\HtmlHelp1\icons\pubfield.gif
E:\ProgrammesFiles2\SHBF\PresentationStyles\VS2013\icons\pubinterface.gif -&gt; C:\Users\Adrian Gandon\Source\Workspaces\suiviA\suiviA\Doc_SuiviA\Help\Working\Output\HtmlHelp1\icons\pubinterface.gif
E:\ProgrammesFiles2\SHBF\PresentationStyles\VS2013\icons\pubmethod.gif -&gt; C:\Users\Adrian Gandon\Source\Workspaces\suiviA\suiviA\Doc_SuiviA\Help\Working\Output\HtmlHelp1\icons\pubmethod.gif
E:\ProgrammesFiles2\SHBF\PresentationStyles\VS2013\icons\puboperator.gif -&gt; C:\Users\Adrian Gandon\Source\Workspaces\suiviA\suiviA\Doc_SuiviA\Help\Working\Output\HtmlHelp1\icons\puboperator.gif
E:\ProgrammesFiles2\SHBF\PresentationStyles\VS2013\icons\pubproperty.gif -&gt; C:\Users\Adrian Gandon\Source\Workspaces\suiviA\suiviA\Doc_SuiviA\Help\Working\Output\HtmlHelp1\icons\pubproperty.gif
E:\ProgrammesFiles2\SHBF\PresentationStyles\VS2013\icons\pubstructure.gif -&gt; C:\Users\Adrian Gandon\Source\Workspaces\suiviA\suiviA\Doc_SuiviA\Help\Working\Output\HtmlHelp1\icons\pubstructure.gif
E:\ProgrammesFiles2\SHBF\PresentationStyles\VS2013\icons\SectionCollapsed.png -&gt; C:\Users\Adrian Gandon\Source\Workspaces\suiviA\suiviA\Doc_SuiviA\Help\Working\Output\HtmlHelp1\icons\SectionCollapsed.png
E:\ProgrammesFiles2\SHBF\PresentationStyles\VS2013\icons\SectionExpanded.png -&gt; C:\Users\Adrian Gandon\Source\Workspaces\suiviA\suiviA\Doc_SuiviA\Help\Working\Output\HtmlHelp1\icons\SectionExpanded.png
E:\ProgrammesFiles2\SHBF\PresentationStyles\VS2013\icons\slMobile.gif -&gt; C:\Users\Adrian Gandon\Source\Workspaces\suiviA\suiviA\Doc_SuiviA\Help\Working\Output\HtmlHelp1\icons\slMobile.gif
E:\ProgrammesFiles2\SHBF\PresentationStyles\VS2013\icons\static.gif -&gt; C:\Users\Adrian Gandon\Source\Workspaces\suiviA\suiviA\Doc_SuiviA\Help\Working\Output\HtmlHelp1\icons\static.gif
E:\ProgrammesFiles2\SHBF\PresentationStyles\VS2013\icons\xna.gif -&gt; C:\Users\Adrian Gandon\Source\Workspaces\suiviA\suiviA\Doc_SuiviA\Help\Working\Output\HtmlHelp1\icons\xna.gif
E:\ProgrammesFiles2\SHBF\PresentationStyles\VS2013\scripts\branding.js -&gt; C:\Users\Adrian Gandon\Source\Workspaces\suiviA\suiviA\Doc_SuiviA\Help\Working\Output\HtmlHelp1\scripts\branding.js
E:\ProgrammesFiles2\SHBF\PresentationStyles\VS2013\styles\branding-cs-CZ.css -&gt; C:\Users\Adrian Gandon\Source\Workspaces\suiviA\suiviA\Doc_SuiviA\Help\Working\Output\HtmlHelp1\styles\branding-cs-CZ.css
E:\ProgrammesFiles2\SHBF\PresentationStyles\VS2013\styles\branding-de-DE.css -&gt; C:\Users\Adrian Gandon\Source\Workspaces\suiviA\suiviA\Doc_SuiviA\Help\Working\Output\HtmlHelp1\styles\branding-de-DE.css
E:\ProgrammesFiles2\SHBF\PresentationStyles\VS2013\styles\branding-en-US.css -&gt; C:\Users\Adrian Gandon\Source\Workspaces\suiviA\suiviA\Doc_SuiviA\Help\Working\Output\HtmlHelp1\styles\branding-en-US.css
E:\ProgrammesFiles2\SHBF\PresentationStyles\VS2013\styles\branding-es-ES.css -&gt; C:\Users\Adrian Gandon\Source\Workspaces\suiviA\suiviA\Doc_SuiviA\Help\Working\Output\HtmlHelp1\styles\branding-es-ES.css
E:\ProgrammesFiles2\SHBF\PresentationStyles\VS2013\styles\branding-fr-FR.css -&gt; C:\Users\Adrian Gandon\Source\Workspaces\suiviA\suiviA\Doc_SuiviA\Help\Working\Output\HtmlHelp1\styles\branding-fr-FR.css
E:\ProgrammesFiles2\SHBF\PresentationStyles\VS2013\styles\branding-Help1.css -&gt; C:\Users\Adrian Gandon\Source\Workspaces\suiviA\suiviA\Doc_SuiviA\Help\Working\Output\HtmlHelp1\styles\branding-Help1.css
E:\ProgrammesFiles2\SHBF\PresentationStyles\VS2013\styles\branding-Help2.css -&gt; C:\Users\Adrian Gandon\Source\Workspaces\suiviA\suiviA\Doc_SuiviA\Help\Working\Output\HtmlHelp1\styles\branding-Help2.css
E:\ProgrammesFiles2\SHBF\PresentationStyles\VS2013\styles\branding-HelpViewer.css -&gt; C:\Users\Adrian Gandon\Source\Workspaces\suiviA\suiviA\Doc_SuiviA\Help\Working\Output\HtmlHelp1\styles\branding-HelpViewer.css
E:\ProgrammesFiles2\SHBF\PresentationStyles\VS2013\styles\branding-it-IT.css -&gt; C:\Users\Adrian Gandon\Source\Workspaces\suiviA\suiviA\Doc_SuiviA\Help\Working\Output\HtmlHelp1\styles\branding-it-IT.css
E:\ProgrammesFiles2\SHBF\PresentationStyles\VS2013\styles\branding-ja-JP.css -&gt; C:\Users\Adrian Gandon\Source\Workspaces\suiviA\suiviA\Doc_SuiviA\Help\Working\Output\HtmlHelp1\styles\branding-ja-JP.css
E:\ProgrammesFiles2\SHBF\PresentationStyles\VS2013\styles\branding-ko-KR.css -&gt; C:\Users\Adrian Gandon\Source\Workspaces\suiviA\suiviA\Doc_SuiviA\Help\Working\Output\HtmlHelp1\styles\branding-ko-KR.css
E:\ProgrammesFiles2\SHBF\PresentationStyles\VS2013\styles\branding-pl-PL.css -&gt; C:\Users\Adrian Gandon\Source\Workspaces\suiviA\suiviA\Doc_SuiviA\Help\Working\Output\HtmlHelp1\styles\branding-pl-PL.css
E:\ProgrammesFiles2\SHBF\PresentationStyles\VS2013\styles\branding-pt-BR.css -&gt; C:\Users\Adrian Gandon\Source\Workspaces\suiviA\suiviA\Doc_SuiviA\Help\Working\Output\HtmlHelp1\styles\branding-pt-BR.css
E:\ProgrammesFiles2\SHBF\PresentationStyles\VS2013\styles\branding-ru-RU.css -&gt; C:\Users\Adrian Gandon\Source\Workspaces\suiviA\suiviA\Doc_SuiviA\Help\Working\Output\HtmlHelp1\styles\branding-ru-RU.css
E:\ProgrammesFiles2\SHBF\PresentationStyles\VS2013\styles\branding-tr-TR.css -&gt; C:\Users\Adrian Gandon\Source\Workspaces\suiviA\suiviA\Doc_SuiviA\Help\Working\Output\HtmlHelp1\styles\branding-tr-TR.css
E:\ProgrammesFiles2\SHBF\PresentationStyles\VS2013\styles\branding-Website.css -&gt; C:\Users\Adrian Gandon\Source\Workspaces\suiviA\suiviA\Doc_SuiviA\Help\Working\Output\HtmlHelp1\styles\branding-Website.css
E:\ProgrammesFiles2\SHBF\PresentationStyles\VS2013\styles\branding-zh-CN.css -&gt; C:\Users\Adrian Gandon\Source\Workspaces\suiviA\suiviA\Doc_SuiviA\Help\Working\Output\HtmlHelp1\styles\branding-zh-CN.css
E:\ProgrammesFiles2\SHBF\PresentationStyles\VS2013\styles\branding-zh-TW.css -&gt; C:\Users\Adrian Gandon\Source\Workspaces\suiviA\suiviA\Doc_SuiviA\Help\Working\Output\HtmlHelp1\styles\branding-zh-TW.css
E:\ProgrammesFiles2\SHBF\PresentationStyles\VS2013\styles\branding.css -&gt; C:\Users\Adrian Gandon\Source\Workspaces\suiviA\suiviA\Doc_SuiviA\Help\Working\Output\HtmlHelp1\styles\branding.css
    Last step completed in 00:00:00,2081
</buildStep>
<buildStep step="GenerateHelpFormatTableOfContents">
Generating HTML Help 1 table of contents file...
    Last step completed in 00:00:00,0000
</buildStep>
<buildStep step="GenerateHelpFileIndex">
Generating HTML Help 1 index file...
    Last step completed in 00:00:00,0000
</buildStep>
<buildStep step="GenerateHelpProject">
Generating HTML Help 1 project file...
    Last step completed in 00:00:00,0030
</buildStep>
<buildStep step="CompilingHelpFile">
Compiling HTML Help 1 file...
[C:\Program Files (x86)\MSBuild\14.0\bin\MSBuild.exe]
  Microsoft HTML Help Compiler 4.74.8702
  
  
  
  Compiling c:\Users\Adrian Gandon\Source\Workspaces\suiviA\suiviA\Doc_SuiviA\Help\Working\Output\HtmlHelp1\Doc_SuiviA.chm
  
  
  
  
  
  Compile time: 0 minutes, 0 seconds
  
  116	Topics
  
  1,211	Local links
  
  185	Internet links
  
  0	Graphics
  
  
  
  
  
  Created c:\Users\Adrian Gandon\Source\Workspaces\suiviA\suiviA\Doc_SuiviA\Help\Working\Output\HtmlHelp1\Doc_SuiviA.chm, 171,518 bytes
  
  Compression decreased file by 802,995 bytes.
  
    Last step completed in 00:00:00,9070
</buildStep>
<buildStep step="CleanIntermediates">
Removing intermediate files...
    Last step completed in 00:00:00,0500
</buildStep>
<buildStep step="Completed">

Build completed successfully at 27/04/2017 16:02:06.  Total time: 00:00:08,2873

</buildStep>
</shfbBuild>
